0 info it worked if it ends with ok
1 verbose cli [ '/usr/bin/nodejs', '/usr/bin/npm', 'run', 'webpack' ]
2 info using npm@3.5.2
3 info using node@v4.2.6
4 verbose run-script [ 'prewebpack', 'webpack', 'postwebpack' ]
5 info lifecycle xterm-client@1.0.0~prewebpack: xterm-client@1.0.0
6 silly lifecycle xterm-client@1.0.0~prewebpack: no script for prewebpack, continuing
7 info lifecycle xterm-client@1.0.0~webpack: xterm-client@1.0.0
8 verbose lifecycle xterm-client@1.0.0~webpack: unsafe-perm in lifecycle true
9 verbose lifecycle xterm-client@1.0.0~webpack: PATH: /usr/share/npm/bin/node-gyp-bin:/home/rick/workspace/grid-docker/grid-app/static/xterm/node_modules/.bin:/usr/lib/go-1.10/bin:/home/rick/bin:/home/rick/.local/bin:/usr/local/sbin:/usr/local/bin:/usr/sbin:/usr/bin:/sbin:/bin:/usr/games:/usr/local/games:/snap/bin
10 verbose lifecycle xterm-client@1.0.0~webpack: CWD: /home/rick/workspace/grid-docker/grid-app/static/xterm
11 silly lifecycle xterm-client@1.0.0~webpack: Args: [ '-c', 'webpack ./main.js --mode=development' ]
12 info lifecycle xterm-client@1.0.0~webpack: Failed to exec webpack script
13 verbose stack Error: xterm-client@1.0.0 webpack: `webpack ./main.js --mode=development`
13 verbose stack spawn ENOENT
13 verbose stack     at ChildProcess.<anonymous> (/usr/share/npm/lib/utils/spawn.js:17:16)
13 verbose stack     at emitTwo (events.js:87:13)
13 verbose stack     at ChildProcess.emit (events.js:172:7)
13 verbose stack     at maybeClose (internal/child_process.js:821:16)
13 verbose stack     at Process.ChildProcess._handle.onexit (internal/child_process.js:211:5)
14 verbose pkgid xterm-client@1.0.0
15 verbose cwd /home/rick/workspace/grid-docker/grid-app/static/xterm
16 error Linux 4.13.0-41-generic
17 error argv "/usr/bin/nodejs" "/usr/bin/npm" "run" "webpack"
18 error node v4.2.6
19 error npm  v3.5.2
20 error file sh
21 error code ELIFECYCLE
22 error errno ENOENT
23 error syscall spawn
24 error xterm-client@1.0.0 webpack: `webpack ./main.js --mode=development`
24 error spawn ENOENT
25 error Failed at the xterm-client@1.0.0 webpack script 'webpack ./main.js --mode=development'.
25 error Make sure you have the latest version of node.js and npm installed.
25 error If you do, this is most likely a problem with the xterm-client package,
25 error not with npm itself.
25 error Tell the author that this fails on your system:
25 error     webpack ./main.js --mode=development
25 error You can get information on how to open an issue for this project with:
25 error     npm bugs xterm-client
25 error Or if that isn't available, you can get their info via:
25 error     npm owner ls xterm-client
25 error There is likely additional logging output above.
26 verbose exit [ 1, true ]
